This file contains any messages produced by compilers while
running configure, to aid debugging if configure makes a mistake.

It was created by configure, which was
generated by GNU Autoconf 2.59.  Invocation command line was

  $ ./configure 

## --------- ##
## Platform. ##
## --------- ##

hostname = peejay
uname -m = i86pc
uname -r = 5.10
uname -s = SunOS
uname -v = Generic_118844-27

/usr/bin/uname -p = i386
/bin/uname -X     = System = SunOS
Node = peejay
Release = 5.10
KernelID = Generic_118844-27
Machine = i86pc
BusType = <unknown>
Serial = <unknown>
Users = <unknown>
OEM# = 0
Origin# = 1
NumCPU = 1

/bin/arch              = i86pc
/usr/bin/arch -k       = i86pc
/usr/convex/getsysinfo = unknown
hostinfo               = unknown
/bin/machine           = unknown
/usr/bin/oslevel       = unknown
/bin/universe          = unknown

PATH: /usr/local/bin
PATH: /usr/bin
PATH: /opt/SUNWspro/prod/bin
PATH: /usr/ccs/bin
PATH: /usr/openwin/bin
PATH: /usr/dt/bin
PATH: /opt/sfw/bin


## ----------- ##
## Core tests. ##
## ----------- ##

configure:1333: checking build system type
configure:1351: result: i386-pc-solaris2.10
configure:1359: checking host system type
configure:1373: result: i386-pc-solaris2.10
configure:1381: checking target system type
configure:1395: result: i386-pc-solaris2.10
configure:1470: checking for gcc
configure:1496: result: cc
configure:1740: checking for C compiler version
configure:1743: cc --version </dev/null >&5
cc: Warning: option -- passed to ld
usage: cc [ options] files.  Use 'cc -flags' for details
configure:1746: $? = 1
configure:1748: cc -v </dev/null >&5
usage: cc [ options] files.  Use 'cc -flags' for details
configure:1751: $? = 1
configure:1753: cc -V </dev/null >&5
cc: Sun C 5.8 2005/10/13
usage: cc [ options] files.  Use 'cc -flags' for details
configure:1756: $? = 1
configure:1779: checking for C compiler default output file name
configure:1782: cc -g -O   conftest.c  >&5
configure:1785: $? = 0
configure:1831: result: a.out
configure:1836: checking whether the C compiler works
configure:1842: ./a.out
configure:1845: $? = 0
configure:1862: result: yes
configure:1869: checking whether we are cross compiling
configure:1871: result: no
configure:1874: checking for suffix of executables
configure:1876: cc -o conftest -g -O   conftest.c  >&5
configure:1879: $? = 0
configure:1904: result: 
configure:1910: checking for suffix of object files
configure:1931: cc -c -g -O  conftest.c >&5
configure:1934: $? = 0
configure:1956: result: o
configure:1960: checking whether we are using the GNU C compiler
configure:1984: cc -c -g -O  conftest.c >&5
"conftest.c", line 14: undefined symbol: choke
"conftest.c", line 14: syntax error before or at: me
cc: acomp failed for conftest.c
configure:1990: $? = 2
configure: failed program was:
| /* confdefs.h.  */
| 
| #define PACKAGE_NAME ""
| #define PACKAGE_TARNAME ""
| #define PACKAGE_VERSION ""
| #define PACKAGE_STRING ""
| #define PACKAGE_BUGREPORT ""
| /* end confdefs.h.  */
| 
| int
| main ()
| {
| #ifndef __GNUC__
|        choke me
| #endif
| 
|   ;
|   return 0;
| }
configure:2016: result: no
configure:2022: checking whether cc accepts -g
configure:2043: cc -c -g  conftest.c >&5
configure:2049: $? = 0
configure:2053: test -z 
			 || test ! -s conftest.err
configure:2056: $? = 0
configure:2059: test -s conftest.o
configure:2062: $? = 0
configure:2073: result: yes
configure:2090: checking for cc option to accept ANSI C
configure:2160: cc  -c -g -O  conftest.c >&5
"conftest.c", line 52: warning: statement not reached
configure:2166: $? = 0
configure:2170: test -z 
			 || test ! -s conftest.err
configure:2173: $? = 0
configure:2176: test -s conftest.o
configure:2179: $? = 0
configure:2197: result: none needed
configure:2215: cc -c -g -O  conftest.c >&5
"conftest.c", line 2: warning: old-style declaration or incorrect type for: choke
"conftest.c", line 2: syntax error before or at: me
"conftest.c", line 3: warning: old-style declaration or incorrect type for: me
cc: acomp failed for conftest.c
configure:2221: $? = 2
configure: failed program was:
| #ifndef __cplusplus
|   choke me
| #endif
configure:2367: checking for a BSD-compatible install
configure:2422: result: /opt/sfw/bin/ginstall -c
configure:2436: checking for rm
configure:2454: found /usr/bin/rm
configure:2466: result: /usr/bin/rm
configure:2475: checking for strip
configure:2493: found /usr/ccs/bin/strip
configure:2505: result: /usr/ccs/bin/strip
configure:2514: checking for ln
configure:2532: found /usr/bin/ln
configure:2544: result: /usr/bin/ln
configure:2554: checking for pthread_attr_init in -lpthread
configure:2584: cc -o conftest -g -O   conftest.c -lpthread   >&5
configure:2590: $? = 0
configure:2594: test -z 
			 || test ! -s conftest.err
configure:2597: $? = 0
configure:2600: test -s conftest
configure:2603: $? = 0
configure:2616: result: yes
configure:2631: checking for library containing sem_init
configure:2661: cc -o conftest -g -O   conftest.c -lpthread  >&5
Undefined			first referenced
 symbol  			    in file
sem_init                            conftest.o
ld: fatal: Symbol referencing errors. No output written to conftest
configure:2667: $? = 1
configure: failed program was:
| /* confdefs.h.  */
| 
| #define PACKAGE_NAME ""
| #define PACKAGE_TARNAME ""
| #define PACKAGE_VERSION ""
| #define PACKAGE_STRING ""
| #define PACKAGE_BUGREPORT ""
| #define HAVE_LIBPTHREAD 1
| /* end confdefs.h.  */
| 
| /* Override any gcc2 internal prototype to avoid an error.  */
| #ifdef __cplusplus
| extern "C"
| #endif
| /* We use char because int might match the return type of a gcc2
|    builtin and then its argument prototype would still apply.  */
| char sem_init ();
| int
| main ()
| {
| sem_init ();
|   ;
|   return 0;
| }
configure:2716: cc -o conftest -g -O   conftest.c -lrt  -lpthread  >&5
configure:2722: $? = 0
configure:2726: test -z 
			 || test ! -s conftest.err
configure:2729: $? = 0
configure:2732: test -s conftest
configure:2735: $? = 0
configure:2750: result: -lrt
configure:2763: checking for mt
configure:2781: found /usr/bin/mt
configure:2795: result: /usr/bin/mt
configure:2821: checking return type of signal handlers
configure:2852: cc -c -g -O  conftest.c >&5
configure:2858: $? = 0
configure:2862: test -z 
			 || test ! -s conftest.err
configure:2865: $? = 0
configure:2868: test -s conftest.o
configure:2871: $? = 0
configure:2882: result: void
configure:2895: checking how to run the C preprocessor
configure:2930: cc -E  conftest.c
configure:2936: $? = 0
configure:2968: cc -E  conftest.c
"conftest.c", line 11: cannot find include file: <ac_nonexistent.h>
cc: acomp failed for conftest.c
configure:2974: $? = 2
configure: failed program was:
| /* confdefs.h.  */
| 
| #define PACKAGE_NAME ""
| #define PACKAGE_TARNAME ""
| #define PACKAGE_VERSION ""
| #define PACKAGE_STRING ""
| #define PACKAGE_BUGREPORT ""
| #define HAVE_LIBPTHREAD 1
| #define RETSIGTYPE void
| /* end confdefs.h.  */
| #include <ac_nonexistent.h>
configure:3013: result: cc -E
configure:3037: cc -E  conftest.c
configure:3043: $? = 0
configure:3075: cc -E  conftest.c
"conftest.c", line 11: cannot find include file: <ac_nonexistent.h>
cc: acomp failed for conftest.c
configure:3081: $? = 2
configure: failed program was:
| /* confdefs.h.  */
| 
| #define PACKAGE_NAME ""
| #define PACKAGE_TARNAME ""
| #define PACKAGE_VERSION ""
| #define PACKAGE_STRING ""
| #define PACKAGE_BUGREPORT ""
| #define HAVE_LIBPTHREAD 1
| #define RETSIGTYPE void
| /* end confdefs.h.  */
| #include <ac_nonexistent.h>
configure:3125: checking for egrep
configure:3135: result: egrep
configure:3140: checking for ANSI C header files
configure:3165: cc -c -g -O  conftest.c >&5
configure:3171: $? = 0
configure:3175: test -z 
			 || test ! -s conftest.err
configure:3178: $? = 0
configure:3181: test -s conftest.o
configure:3184: $? = 0
configure:3273: cc -o conftest -g -O   conftest.c -lrt -lpthread  >&5
"conftest.c", line 28: warning: implicit function declaration: exit
configure:3276: $? = 0
configure:3278: ./conftest
configure:3281: $? = 0
configure:3296: result: yes
configure:3320: checking for sys/types.h
configure:3336: cc -c -g -O  conftest.c >&5
configure:3342: $? = 0
configure:3346: test -z 
			 || test ! -s conftest.err
configure:3349: $? = 0
configure:3352: test -s conftest.o
configure:3355: $? = 0
configure:3366: result: yes
configure:3320: checking for sys/stat.h
configure:3336: cc -c -g -O  conftest.c >&5
configure:3342: $? = 0
configure:3346: test -z 
			 || test ! -s conftest.err
configure:3349: $? = 0
configure:3352: test -s conftest.o
configure:3355: $? = 0
configure:3366: result: yes
configure:3320: checking for stdlib.h
configure:3336: cc -c -g -O  conftest.c >&5
configure:3342: $? = 0
configure:3346: test -z 
			 || test ! -s conftest.err
configure:3349: $? = 0
configure:3352: test -s conftest.o
configure:3355: $? = 0
configure:3366: result: yes
configure:3320: checking for string.h
configure:3336: cc -c -g -O  conftest.c >&5
configure:3342: $? = 0
configure:3346: test -z 
			 || test ! -s conftest.err
configure:3349: $? = 0
configure:3352: test -s conftest.o
configure:3355: $? = 0
configure:3366: result: yes
configure:3320: checking for memory.h
configure:3336: cc -c -g -O  conftest.c >&5
configure:3342: $? = 0
configure:3346: test -z 
			 || test ! -s conftest.err
configure:3349: $? = 0
configure:3352: test -s conftest.o
configure:3355: $? = 0
configure:3366: result: yes
configure:3320: checking for strings.h
configure:3336: cc -c -g -O  conftest.c >&5
configure:3342: $? = 0
configure:3346: test -z 
			 || test ! -s conftest.err
configure:3349: $? = 0
configure:3352: test -s conftest.o
configure:3355: $? = 0
configure:3366: result: yes
configure:3320: checking for inttypes.h
configure:3336: cc -c -g -O  conftest.c >&5
configure:3342: $? = 0
configure:3346: test -z 
			 || test ! -s conftest.err
configure:3349: $? = 0
configure:3352: test -s conftest.o
configure:3355: $? = 0
configure:3366: result: yes
configure:3320: checking for stdint.h
configure:3336: cc -c -g -O  conftest.c >&5
configure:3342: $? = 0
configure:3346: test -z 
			 || test ! -s conftest.err
configure:3349: $? = 0
configure:3352: test -s conftest.o
configure:3355: $? = 0
configure:3366: result: yes
configure:3320: checking for unistd.h
configure:3336: cc -c -g -O  conftest.c >&5
configure:3342: $? = 0
configure:3346: test -z 
			 || test ! -s conftest.err
configure:3349: $? = 0
configure:3352: test -s conftest.o
configure:3355: $? = 0
configure:3366: result: yes
configure:3384: checking for stdlib.h
configure:3389: result: yes
configure:3384: checking for unistd.h
configure:3389: result: yes
configure:3533: checking for getpagesize
configure:3590: cc -o conftest -g -O   conftest.c -lrt -lpthread  >&5
"conftest.c", line 65: warning: statement not reached
configure:3596: $? = 0
configure:3600: test -z 
			 || test ! -s conftest.err
configure:3603: $? = 0
configure:3606: test -s conftest
configure:3609: $? = 0
configure:3621: result: yes
configure:3631: checking for working mmap
configure:3773: cc -o conftest -g -O   conftest.c -lrt -lpthread  >&5
configure:3776: $? = 0
configure:3778: ./conftest
configure:3781: $? = 0
configure:3795: result: yes
configure:3806: checking whether time.h and sys/time.h may both be included
configure:3831: cc -c -g -O  conftest.c >&5
configure:3837: $? = 0
configure:3841: test -z 
			 || test ! -s conftest.err
configure:3844: $? = 0
configure:3847: test -s conftest.o
configure:3850: $? = 0
configure:3861: result: yes
configure:3871: checking for ANSI C header files
configure:4027: result: yes
configure:4042: checking for strerror
configure:4099: cc -o conftest -g -O   conftest.c -lrt -lpthread  >&5
"conftest.c", line 69: warning: statement not reached
configure:4105: $? = 0
configure:4109: test -z 
			 || test ! -s conftest.err
configure:4112: $? = 0
configure:4115: test -s conftest
configure:4118: $? = 0
configure:4130: result: yes
configure:4042: checking for memcpy
configure:4099: cc -o conftest -g -O   conftest.c -lrt -lpthread  >&5
"conftest.c", line 70: warning: statement not reached
configure:4105: $? = 0
configure:4109: test -z 
			 || test ! -s conftest.err
configure:4112: $? = 0
configure:4115: test -s conftest
configure:4118: $? = 0
configure:4130: result: yes
configure:4146: checking for unistd.h
configure:4151: result: yes
configure:4146: checking for memory.h
configure:4151: result: yes
configure:4292: checking for struct stat.st_blksize
configure:4315: cc -c -g -O  conftest.c >&5
configure:4321: $? = 0
configure:4325: test -z 
			 || test ! -s conftest.err
configure:4328: $? = 0
configure:4331: test -s conftest.o
configure:4334: $? = 0
configure:4391: result: yes
configure:4407: checking for library containing socket
configure:4437: cc -o conftest -g -O   conftest.c -lrt -lpthread  >&5
Undefined			first referenced
 symbol  			    in file
socket                              conftest.o
ld: fatal: Symbol referencing errors. No output written to conftest
configure:4443: $? = 1
configure: failed program was:
| /* confdefs.h.  */
| 
| #define PACKAGE_NAME ""
| #define PACKAGE_TARNAME ""
| #define PACKAGE_VERSION ""
| #define PACKAGE_STRING ""
| #define PACKAGE_BUGREPORT ""
| #define HAVE_LIBPTHREAD 1
| #define RETSIGTYPE void
| #define STDC_HEADERS 1
| #define HAVE_SYS_TYPES_H 1
| #define HAVE_SYS_STAT_H 1
| #define HAVE_STDLIB_H 1
| #define HAVE_STRING_H 1
| #define HAVE_MEMORY_H 1
| #define HAVE_STRINGS_H 1
| #define HAVE_INTTYPES_H 1
| #define HAVE_STDINT_H 1
| #define HAVE_UNISTD_H 1
| #define HAVE_STDLIB_H 1
| #define HAVE_UNISTD_H 1
| #define HAVE_GETPAGESIZE 1
| #define HAVE_MMAP 1
| #define TIME_WITH_SYS_TIME 1
| #define STDC_HEADERS 1
| #define HAVE_STRERROR 1
| #define HAVE_MEMCPY 1
| #define HAVE_UNISTD_H 1
| #define HAVE_MEMORY_H 1
| #define HAVE_STRUCT_STAT_ST_BLKSIZE 1
| #define HAVE_ST_BLKSIZE 1
| /* end confdefs.h.  */
| 
| /* Override any gcc2 internal prototype to avoid an error.  */
| #ifdef __cplusplus
| extern "C"
| #endif
| /* We use char because int might match the return type of a gcc2
|    builtin and then its argument prototype would still apply.  */
| char socket ();
| int
| main ()
| {
| socket ();
|   ;
|   return 0;
| }
configure:4492: cc -o conftest -g -O   conftest.c -lsocket  -lrt -lpthread  >&5
configure:4498: $? = 0
configure:4502: test -z 
			 || test ! -s conftest.err
configure:4505: $? = 0
configure:4508: test -s conftest
configure:4511: $? = 0
configure:4526: result: -lsocket
configure:4537: checking for library containing gethostbyname
configure:4567: cc -o conftest -g -O   conftest.c -lsocket -lrt -lpthread  >&5
Undefined			first referenced
 symbol  			    in file
gethostbyname                       conftest.o  (symbol belongs to implicit dependency /lib/libnsl.so.1)
ld: fatal: Symbol referencing errors. No output written to conftest
configure:4573: $? = 1
configure: failed program was:
| /* confdefs.h.  */
| 
| #define PACKAGE_NAME ""
| #define PACKAGE_TARNAME ""
| #define PACKAGE_VERSION ""
| #define PACKAGE_STRING ""
| #define PACKAGE_BUGREPORT ""
| #define HAVE_LIBPTHREAD 1
| #define RETSIGTYPE void
| #define STDC_HEADERS 1
| #define HAVE_SYS_TYPES_H 1
| #define HAVE_SYS_STAT_H 1
| #define HAVE_STDLIB_H 1
| #define HAVE_STRING_H 1
| #define HAVE_MEMORY_H 1
| #define HAVE_STRINGS_H 1
| #define HAVE_INTTYPES_H 1
| #define HAVE_STDINT_H 1
| #define HAVE_UNISTD_H 1
| #define HAVE_STDLIB_H 1
| #define HAVE_UNISTD_H 1
| #define HAVE_GETPAGESIZE 1
| #define HAVE_MMAP 1
| #define TIME_WITH_SYS_TIME 1
| #define STDC_HEADERS 1
| #define HAVE_STRERROR 1
| #define HAVE_MEMCPY 1
| #define HAVE_UNISTD_H 1
| #define HAVE_MEMORY_H 1
| #define HAVE_STRUCT_STAT_ST_BLKSIZE 1
| #define HAVE_ST_BLKSIZE 1
| /* end confdefs.h.  */
| 
| /* Override any gcc2 internal prototype to avoid an error.  */
| #ifdef __cplusplus
| extern "C"
| #endif
| /* We use char because int might match the return type of a gcc2
|    builtin and then its argument prototype would still apply.  */
| char gethostbyname ();
| int
| main ()
| {
| gethostbyname ();
|   ;
|   return 0;
| }
configure:4622: cc -o conftest -g -O   conftest.c -lnsl  -lsocket -lrt -lpthread  >&5
configure:4628: $? = 0
configure:4632: test -z 
			 || test ! -s conftest.err
configure:4635: $? = 0
configure:4638: test -s conftest
configure:4641: $? = 0
configure:4656: result: -lnsl
configure:4667: checking for library containing hstrerror
configure:4697: cc -o conftest -g -O   conftest.c -lnsl -lsocket -lrt -lpthread  >&5
Undefined			first referenced
 symbol  			    in file
hstrerror                           conftest.o
ld: fatal: Symbol referencing errors. No output written to conftest
configure:4703: $? = 1
configure: failed program was:
| /* confdefs.h.  */
| 
| #define PACKAGE_NAME ""
| #define PACKAGE_TARNAME ""
| #define PACKAGE_VERSION ""
| #define PACKAGE_STRING ""
| #define PACKAGE_BUGREPORT ""
| #define HAVE_LIBPTHREAD 1
| #define RETSIGTYPE void
| #define STDC_HEADERS 1
| #define HAVE_SYS_TYPES_H 1
| #define HAVE_SYS_STAT_H 1
| #define HAVE_STDLIB_H 1
| #define HAVE_STRING_H 1
| #define HAVE_MEMORY_H 1
| #define HAVE_STRINGS_H 1
| #define HAVE_INTTYPES_H 1
| #define HAVE_STDINT_H 1
| #define HAVE_UNISTD_H 1
| #define HAVE_STDLIB_H 1
| #define HAVE_UNISTD_H 1
| #define HAVE_GETPAGESIZE 1
| #define HAVE_MMAP 1
| #define TIME_WITH_SYS_TIME 1
| #define STDC_HEADERS 1
| #define HAVE_STRERROR 1
| #define HAVE_MEMCPY 1
| #define HAVE_UNISTD_H 1
| #define HAVE_MEMORY_H 1
| #define HAVE_STRUCT_STAT_ST_BLKSIZE 1
| #define HAVE_ST_BLKSIZE 1
| /* end confdefs.h.  */
| 
| /* Override any gcc2 internal prototype to avoid an error.  */
| #ifdef __cplusplus
| extern "C"
| #endif
| /* We use char because int might match the return type of a gcc2
|    builtin and then its argument prototype would still apply.  */
| char hstrerror ();
| int
| main ()
| {
| hstrerror ();
|   ;
|   return 0;
| }
configure:4752: cc -o conftest -g -O   conftest.c -lresolv  -lnsl -lsocket -lrt -lpthread  >&5
configure:4758: $? = 0
configure:4762: test -z 
			 || test ! -s conftest.err
configure:4765: $? = 0
configure:4768: test -s conftest
configure:4771: $? = 0
configure:4786: result: -lresolv
configure:4797: checking for library containing sendfile
configure:4827: cc -o conftest -g -O   conftest.c -lresolv -lnsl -lsocket -lrt -lpthread  >&5
Undefined			first referenced
 symbol  			    in file
sendfile                            conftest.o
ld: fatal: Symbol referencing errors. No output written to conftest
configure:4833: $? = 1
configure: failed program was:
| /* confdefs.h.  */
| 
| #define PACKAGE_NAME ""
| #define PACKAGE_TARNAME ""
| #define PACKAGE_VERSION ""
| #define PACKAGE_STRING ""
| #define PACKAGE_BUGREPORT ""
| #define HAVE_LIBPTHREAD 1
| #define RETSIGTYPE void
| #define STDC_HEADERS 1
| #define HAVE_SYS_TYPES_H 1
| #define HAVE_SYS_STAT_H 1
| #define HAVE_STDLIB_H 1
| #define HAVE_STRING_H 1
| #define HAVE_MEMORY_H 1
| #define HAVE_STRINGS_H 1
| #define HAVE_INTTYPES_H 1
| #define HAVE_STDINT_H 1
| #define HAVE_UNISTD_H 1
| #define HAVE_STDLIB_H 1
| #define HAVE_UNISTD_H 1
| #define HAVE_GETPAGESIZE 1
| #define HAVE_MMAP 1
| #define TIME_WITH_SYS_TIME 1
| #define STDC_HEADERS 1
| #define HAVE_STRERROR 1
| #define HAVE_MEMCPY 1
| #define HAVE_UNISTD_H 1
| #define HAVE_MEMORY_H 1
| #define HAVE_STRUCT_STAT_ST_BLKSIZE 1
| #define HAVE_ST_BLKSIZE 1
| /* end confdefs.h.  */
| 
| /* Override any gcc2 internal prototype to avoid an error.  */
| #ifdef __cplusplus
| extern "C"
| #endif
| /* We use char because int might match the return type of a gcc2
|    builtin and then its argument prototype would still apply.  */
| char sendfile ();
| int
| main ()
| {
| sendfile ();
|   ;
|   return 0;
| }
configure:4882: cc -o conftest -g -O   conftest.c -lsendfile  -lresolv -lnsl -lsocket -lrt -lpthread  >&5
configure:4888: $? = 0
configure:4892: test -z 
			 || test ! -s conftest.err
configure:4895: $? = 0
configure:4898: test -s conftest
configure:4901: $? = 0
configure:4916: result: -lsendfile
configure:4956: checking for library containing MD5_Init
configure:4986: cc -o conftest -g -O   conftest.c -lsendfile -lresolv -lnsl -lsocket -lrt -lpthread  >&5
Undefined			first referenced
 symbol  			    in file
MD5_Init                            conftest.o
ld: fatal: Symbol referencing errors. No output written to conftest
configure:4992: $? = 1
configure: failed program was:
| /* confdefs.h.  */
| 
| #define PACKAGE_NAME ""
| #define PACKAGE_TARNAME ""
| #define PACKAGE_VERSION ""
| #define PACKAGE_STRING ""
| #define PACKAGE_BUGREPORT ""
| #define HAVE_LIBPTHREAD 1
| #define RETSIGTYPE void
| #define STDC_HEADERS 1
| #define HAVE_SYS_TYPES_H 1
| #define HAVE_SYS_STAT_H 1
| #define HAVE_STDLIB_H 1
| #define HAVE_STRING_H 1
| #define HAVE_MEMORY_H 1
| #define HAVE_STRINGS_H 1
| #define HAVE_INTTYPES_H 1
| #define HAVE_STDINT_H 1
| #define HAVE_UNISTD_H 1
| #define HAVE_STDLIB_H 1
| #define HAVE_UNISTD_H 1
| #define HAVE_GETPAGESIZE 1
| #define HAVE_MMAP 1
| #define TIME_WITH_SYS_TIME 1
| #define STDC_HEADERS 1
| #define HAVE_STRERROR 1
| #define HAVE_MEMCPY 1
| #define HAVE_UNISTD_H 1
| #define HAVE_MEMORY_H 1
| #define HAVE_STRUCT_STAT_ST_BLKSIZE 1
| #define HAVE_ST_BLKSIZE 1
| #define HAVE_SENDFILE 1
| #define DEBUG 1
| /* end confdefs.h.  */
| 
| /* Override any gcc2 internal prototype to avoid an error.  */
| #ifdef __cplusplus
| extern "C"
| #endif
| /* We use char because int might match the return type of a gcc2
|    builtin and then its argument prototype would still apply.  */
| char MD5_Init ();
| int
| main ()
| {
| MD5_Init ();
|   ;
|   return 0;
| }
configure:5041: cc -o conftest -g -O   conftest.c -lssl  -lsendfile -lresolv -lnsl -lsocket -lrt -lpthread  >&5
ld: fatal: library -lssl: not found
ld: fatal: File processing errors. No output written to conftest
configure:5047: $? = 1
configure: failed program was:
| /* confdefs.h.  */
| 
| #define PACKAGE_NAME ""
| #define PACKAGE_TARNAME ""
| #define PACKAGE_VERSION ""
| #define PACKAGE_STRING ""
| #define PACKAGE_BUGREPORT ""
| #define HAVE_LIBPTHREAD 1
| #define RETSIGTYPE void
| #define STDC_HEADERS 1
| #define HAVE_SYS_TYPES_H 1
| #define HAVE_SYS_STAT_H 1
| #define HAVE_STDLIB_H 1
| #define HAVE_STRING_H 1
| #define HAVE_MEMORY_H 1
| #define HAVE_STRINGS_H 1
| #define HAVE_INTTYPES_H 1
| #define HAVE_STDINT_H 1
| #define HAVE_UNISTD_H 1
| #define HAVE_STDLIB_H 1
| #define HAVE_UNISTD_H 1
| #define HAVE_GETPAGESIZE 1
| #define HAVE_MMAP 1
| #define TIME_WITH_SYS_TIME 1
| #define STDC_HEADERS 1
| #define HAVE_STRERROR 1
| #define HAVE_MEMCPY 1
| #define HAVE_UNISTD_H 1
| #define HAVE_MEMORY_H 1
| #define HAVE_STRUCT_STAT_ST_BLKSIZE 1
| #define HAVE_ST_BLKSIZE 1
| #define HAVE_SENDFILE 1
| #define DEBUG 1
| /* end confdefs.h.  */
| 
| /* Override any gcc2 internal prototype to avoid an error.  */
| #ifdef __cplusplus
| extern "C"
| #endif
| /* We use char because int might match the return type of a gcc2
|    builtin and then its argument prototype would still apply.  */
| char MD5_Init ();
| int
| main ()
| {
| MD5_Init ();
|   ;
|   return 0;
| }
configure:5075: result: no
configure:5084: checking for library containing mhash_init
configure:5114: cc -o conftest -g -O   conftest.c -lsendfile -lresolv -lnsl -lsocket -lrt -lpthread  >&5
Undefined			first referenced
 symbol  			    in file
mhash_init                          conftest.o
ld: fatal: Symbol referencing errors. No output written to conftest
configure:5120: $? = 1
configure: failed program was:
| /* confdefs.h.  */
| 
| #define PACKAGE_NAME ""
| #define PACKAGE_TARNAME ""
| #define PACKAGE_VERSION ""
| #define PACKAGE_STRING ""
| #define PACKAGE_BUGREPORT ""
| #define HAVE_LIBPTHREAD 1
| #define RETSIGTYPE void
| #define STDC_HEADERS 1
| #define HAVE_SYS_TYPES_H 1
| #define HAVE_SYS_STAT_H 1
| #define HAVE_STDLIB_H 1
| #define HAVE_STRING_H 1
| #define HAVE_MEMORY_H 1
| #define HAVE_STRINGS_H 1
| #define HAVE_INTTYPES_H 1
| #define HAVE_STDINT_H 1
| #define HAVE_UNISTD_H 1
| #define HAVE_STDLIB_H 1
| #define HAVE_UNISTD_H 1
| #define HAVE_GETPAGESIZE 1
| #define HAVE_MMAP 1
| #define TIME_WITH_SYS_TIME 1
| #define STDC_HEADERS 1
| #define HAVE_STRERROR 1
| #define HAVE_MEMCPY 1
| #define HAVE_UNISTD_H 1
| #define HAVE_MEMORY_H 1
| #define HAVE_STRUCT_STAT_ST_BLKSIZE 1
| #define HAVE_ST_BLKSIZE 1
| #define HAVE_SENDFILE 1
| #define DEBUG 1
| /* end confdefs.h.  */
| 
| /* Override any gcc2 internal prototype to avoid an error.  */
| #ifdef __cplusplus
| extern "C"
| #endif
| /* We use char because int might match the return type of a gcc2
|    builtin and then its argument prototype would still apply.  */
| char mhash_init ();
| int
| main ()
| {
| mhash_init ();
|   ;
|   return 0;
| }
configure:5169: cc -o conftest -g -O   conftest.c -lmhash  -lsendfile -lresolv -lnsl -lsocket -lrt -lpthread  >&5
ld: fatal: library -lmhash: not found
ld: fatal: File processing errors. No output written to conftest
configure:5175: $? = 1
configure: failed program was:
| /* confdefs.h.  */
| 
| #define PACKAGE_NAME ""
| #define PACKAGE_TARNAME ""
| #define PACKAGE_VERSION ""
| #define PACKAGE_STRING ""
| #define PACKAGE_BUGREPORT ""
| #define HAVE_LIBPTHREAD 1
| #define RETSIGTYPE void
| #define STDC_HEADERS 1
| #define HAVE_SYS_TYPES_H 1
| #define HAVE_SYS_STAT_H 1
| #define HAVE_STDLIB_H 1
| #define HAVE_STRING_H 1
| #define HAVE_MEMORY_H 1
| #define HAVE_STRINGS_H 1
| #define HAVE_INTTYPES_H 1
| #define HAVE_STDINT_H 1
| #define HAVE_UNISTD_H 1
| #define HAVE_STDLIB_H 1
| #define HAVE_UNISTD_H 1
| #define HAVE_GETPAGESIZE 1
| #define HAVE_MMAP 1
| #define TIME_WITH_SYS_TIME 1
| #define STDC_HEADERS 1
| #define HAVE_STRERROR 1
| #define HAVE_MEMCPY 1
| #define HAVE_UNISTD_H 1
| #define HAVE_MEMORY_H 1
| #define HAVE_STRUCT_STAT_ST_BLKSIZE 1
| #define HAVE_ST_BLKSIZE 1
| #define HAVE_SENDFILE 1
| #define DEBUG 1
| /* end confdefs.h.  */
| 
| /* Override any gcc2 internal prototype to avoid an error.  */
| #ifdef __cplusplus
| extern "C"
| #endif
| /* We use char because int might match the return type of a gcc2
|    builtin and then its argument prototype would still apply.  */
| char mhash_init ();
| int
| main ()
| {
| mhash_init ();
|   ;
|   return 0;
| }
configure:5203: result: no
configure:5212: checking for library containing MD5Init
configure:5242: cc -o conftest -g -O   conftest.c -lsendfile -lresolv -lnsl -lsocket -lrt -lpthread  >&5
Undefined			first referenced
 symbol  			    in file
MD5Init                             conftest.o  (symbol belongs to implicit dependency /lib/libmd5.so.1)
ld: fatal: Symbol referencing errors. No output written to conftest
configure:5248: $? = 1
configure: failed program was:
| /* confdefs.h.  */
| 
| #define PACKAGE_NAME ""
| #define PACKAGE_TARNAME ""
| #define PACKAGE_VERSION ""
| #define PACKAGE_STRING ""
| #define PACKAGE_BUGREPORT ""
| #define HAVE_LIBPTHREAD 1
| #define RETSIGTYPE void
| #define STDC_HEADERS 1
| #define HAVE_SYS_TYPES_H 1
| #define HAVE_SYS_STAT_H 1
| #define HAVE_STDLIB_H 1
| #define HAVE_STRING_H 1
| #define HAVE_MEMORY_H 1
| #define HAVE_STRINGS_H 1
| #define HAVE_INTTYPES_H 1
| #define HAVE_STDINT_H 1
| #define HAVE_UNISTD_H 1
| #define HAVE_STDLIB_H 1
| #define HAVE_UNISTD_H 1
| #define HAVE_GETPAGESIZE 1
| #define HAVE_MMAP 1
| #define TIME_WITH_SYS_TIME 1
| #define STDC_HEADERS 1
| #define HAVE_STRERROR 1
| #define HAVE_MEMCPY 1
| #define HAVE_UNISTD_H 1
| #define HAVE_MEMORY_H 1
| #define HAVE_STRUCT_STAT_ST_BLKSIZE 1
| #define HAVE_ST_BLKSIZE 1
| #define HAVE_SENDFILE 1
| #define DEBUG 1
| /* end confdefs.h.  */
| 
| /* Override any gcc2 internal prototype to avoid an error.  */
| #ifdef __cplusplus
| extern "C"
| #endif
| /* We use char because int might match the return type of a gcc2
|    builtin and then its argument prototype would still apply.  */
| char MD5Init ();
| int
| main ()
| {
| MD5Init ();
|   ;
|   return 0;
| }
configure:5297: cc -o conftest -g -O   conftest.c -lmd5  -lsendfile -lresolv -lnsl -lsocket -lrt -lpthread  >&5
configure:5303: $? = 0
configure:5307: test -z 
			 || test ! -s conftest.err
configure:5310: $? = 0
configure:5313: test -s conftest
configure:5316: $? = 0
configure:5331: result: -lmd5
configure:5471: creating ./config.status

## ---------------------- ##
## Running config.status. ##
## ---------------------- ##

This file was extended by config.status, which was
generated by GNU Autoconf 2.59.  Invocation command line was

  CONFIG_FILES    = 
  CONFIG_HEADERS  = 
  CONFIG_LINKS    = 
  CONFIG_COMMANDS = 
  $ ./config.status 

on peejay

config.status:670: creating Makefile
config.status:670: creating mbuffer.1
config.status:774: creating config.h

## ---------------- ##
## Cache variables. ##
## ---------------- ##

ac_cv_build=i386-pc-solaris2.10
ac_cv_build_alias=i386-pc-solaris2.10
ac_cv_c_compiler_gnu=no
ac_cv_env_CC_set=set
ac_cv_env_CC_value=cc
ac_cv_env_CFLAGS_set=set
ac_cv_env_CFLAGS_value='-g -O'
ac_cv_env_CPPFLAGS_set=
ac_cv_env_CPPFLAGS_value=
ac_cv_env_CPP_set=
ac_cv_env_CPP_value=
ac_cv_env_LDFLAGS_set=
ac_cv_env_LDFLAGS_value=
ac_cv_env_build_alias_set=
ac_cv_env_build_alias_value=
ac_cv_env_host_alias_set=
ac_cv_env_host_alias_value=
ac_cv_env_target_alias_set=
ac_cv_env_target_alias_value=
ac_cv_exeext=
ac_cv_func_getpagesize=yes
ac_cv_func_memcpy=yes
ac_cv_func_mmap_fixed_mapped=yes
ac_cv_func_strerror=yes
ac_cv_header_inttypes_h=yes
ac_cv_header_memory_h=yes
ac_cv_header_stdc=yes
ac_cv_header_stdint_h=yes
ac_cv_header_stdlib_h=yes
ac_cv_header_string_h=yes
ac_cv_header_strings_h=yes
ac_cv_header_sys_stat_h=yes
ac_cv_header_sys_types_h=yes
ac_cv_header_time=yes
ac_cv_header_unistd_h=yes
ac_cv_host=i386-pc-solaris2.10
ac_cv_host_alias=i386-pc-solaris2.10
ac_cv_lib_pthread_pthread_attr_init=yes
ac_cv_member_struct_stat_st_blksize=yes
ac_cv_objext=o
ac_cv_path_LN=/usr/bin/ln
ac_cv_path_MT=/usr/bin/mt
ac_cv_path_RM=/usr/bin/rm
ac_cv_path_STRIP=/usr/ccs/bin/strip
ac_cv_path_install='/opt/sfw/bin/ginstall -c'
ac_cv_prog_CPP='cc -E'
ac_cv_prog_ac_ct_CC=cc
ac_cv_prog_cc_g=yes
ac_cv_prog_cc_stdc=
ac_cv_prog_egrep=egrep
ac_cv_search_MD5Init=-lmd5
ac_cv_search_MD5_Init=no
ac_cv_search_gethostbyname=-lnsl
ac_cv_search_hstrerror=-lresolv
ac_cv_search_mhash_init=no
ac_cv_search_sem_init=-lrt
ac_cv_search_sendfile=-lsendfile
ac_cv_search_socket=-lsocket
ac_cv_target=i386-pc-solaris2.10
ac_cv_target_alias=i386-pc-solaris2.10
ac_cv_type_signal=void

## ----------------- ##
## Output variables. ##
## ----------------- ##

AUTOCONF=''
CC='cc'
CFLAGS='-g -O'
CPP='cc -E'
CPPFLAGS=''
DEBUG=''
DEFS='-DHAVE_CONFIG_H'
ECHO_C=''
ECHO_N='-n'
ECHO_T=''
EGREP='egrep'
EXEEXT=''
INSTALL_DATA='${INSTALL} -m 644'
INSTALL_PROGRAM='${INSTALL}'
INSTALL_SCRIPT='${INSTALL}'
LDFLAGS=''
LIBOBJS=''
LIBS='-lmd5 -lsendfile -lresolv -lnsl -lsocket -lrt -lpthread '
LN='/usr/bin/ln'
LTLIBOBJS=''
MT='/usr/bin/mt'
OBJEXT='o'
PACKAGE='mbuffer'
PACKAGE_BUGREPORT=''
PACKAGE_NAME=''
PACKAGE_STRING=''
PACKAGE_TARNAME=''
PACKAGE_VERSION=''
PATH_SEPARATOR=':'
RM='/usr/bin/rm'
SHELL='/bin/bash'
STRIP='/usr/ccs/bin/strip'
VERSION='20060217'
ac_ct_CC='cc'
bindir='${exec_prefix}/bin'
build='i386-pc-solaris2.10'
build_alias=''
build_cpu='i386'
build_os='solaris2.10'
build_vendor='pc'
datadir='${prefix}/share'
exec_prefix='/usr/local'
host='i386-pc-solaris2.10'
host_alias=''
host_cpu='i386'
host_os='solaris2.10'
host_vendor='pc'
includedir='${prefix}/include'
infodir='${prefix}/info'
libdir='${exec_prefix}/lib'
libexecdir='${exec_prefix}/libexec'
localstatedir='${prefix}/var'
mandir='${prefix}/man'
oldincludedir='/usr/include'
prefix='/usr/local'
program_transform_name='s,x,x,'
sbindir='${exec_prefix}/sbin'
sharedstatedir='${prefix}/com'
sysconfdir='${prefix}/etc'
target='i386-pc-solaris2.10'
target_alias=''
target_cpu='i386'
target_os='solaris2.10'
target_vendor='pc'

## ----------- ##
## confdefs.h. ##
## ----------- ##

#define DEBUG 1
#define HAVE_GETPAGESIZE 1
#define HAVE_INTTYPES_H 1
#define HAVE_LIBMD5 1
#define HAVE_LIBPTHREAD 1
#define HAVE_MEMCPY 1
#define HAVE_MEMORY_H 1
#define HAVE_MEMORY_H 1
#define HAVE_MMAP 1
#define HAVE_SENDFILE 1
#define HAVE_STDINT_H 1
#define HAVE_STDLIB_H 1
#define HAVE_STDLIB_H 1
#define HAVE_STRERROR 1
#define HAVE_STRINGS_H 1
#define HAVE_STRING_H 1
#define HAVE_STRUCT_STAT_ST_BLKSIZE 1
#define HAVE_ST_BLKSIZE 1
#define HAVE_SYS_STAT_H 1
#define HAVE_SYS_TYPES_H 1
#define HAVE_UNISTD_H 1
#define HAVE_UNISTD_H 1
#define HAVE_UNISTD_H 1
#define PACKAGE "mbuffer"
#define PACKAGE_BUGREPORT ""
#define PACKAGE_NAME ""
#define PACKAGE_STRING ""
#define PACKAGE_TARNAME ""
#define PACKAGE_VERSION ""
#define RETSIGTYPE void
#define STDC_HEADERS 1
#define STDC_HEADERS 1
#define TIME_WITH_SYS_TIME 1
#define VERSION "20060217"
#define _REENTRANT 1

configure: exit 0
